<?xml version="1.0" encoding="UTF-8"?>
<!-- Generated by org.testng.reporters.JUnitReportReporter -->
<testsuite skipped="0" hostname="AIPL-SEZ-LT-168" name="pom.testcases.TC_002" tests="1" failures="0" timestamp="26 Sep 2018 08:19:52 GMT" time="324.085" errors="0">
  <testcase name="bookHotel" time="324.085" classname="pom.testcases.TC_002"/>
</testsuite> <!-- pom.testcases.TC_002 -->
