<?xml version="1.0" encoding="UTF-8"?>
<!-- Generated by org.testng.reporters.JUnitReportReporter -->
<testsuite hostname="LAPTOP-CM7CPS02" name="pom.testcases.TC_004" tests="1" failures="0" timestamp="9 May 2018 03:07:49 GMT" time="27.482" errors="0">
  <testcase name="bookCabWithPNR" time="27.482" classname="pom.testcases.TC_004"/>
</testsuite> <!-- pom.testcases.TC_004 -->
