<?xml version="1.0" encoding="UTF-8"?>
<!-- Generated by org.testng.reporters.JUnitReportReporter -->
<testsuite hostname="LAPTOP-CM7CPS02" name="pom.testcases.TC_003" tests="1" failures="0" timestamp="7 May 2018 05:49:57 GMT" time="66.452" errors="0">
  <testcase name="nvspRegistration" time="66.452" classname="pom.testcases.TC_003"/>
</testsuite> <!-- pom.testcases.TC_003 -->
