<?xml version="1.0" encoding="UTF-8"?>
<!-- Generated by org.testng.reporters.JUnitReportReporter -->
<testsuite hostname="LAPTOP-CM7CPS02" name="pom.testcases.TC_005" tests="1" failures="0" timestamp="9 May 2018 03:35:30 GMT" time="32.330" errors="0">
  <testcase name="cabBookingWithoutPNR" time="32.330" classname="pom.testcases.TC_005"/>
</testsuite> <!-- pom.testcases.TC_005 -->
