<?xml version="1.0" encoding="UTF-8"?>
<!-- Generated by org.testng.reporters.JUnitReportReporter -->
<testsuite hostname="LAPTOP-CM7CPS02" name="utils.SampleReport" tests="1" failures="0" timestamp="5 May 2018 17:05:16 GMT" time="1.867" errors="0">
  <testcase name="reporting" time="1.867" classname="utils.SampleReport"/>
</testsuite> <!-- utils.SampleReport -->
